2023-12-22 14:59:25 INFO  TaskManager:23 - Added task item to allTaskItems: Sample Name
2023-12-22 14:59:25 INFO  TaskManager:23 - Added task item to allTaskItems: Task 1
2023-12-22 14:59:25 INFO  TaskManager:23 - Added task item to allTaskItems: Task 2
2023-12-22 14:59:25 INFO  TaskManager:28 - Removed task item from allTaskItems: Task 1
2024-01-04 11:36:59 INFO  TaskManager:23 - Added task item to allTaskItems: joe
2024-01-04 11:36:59 INFO  TaskManager:23 - Added task item to allTaskItems: Location
2024-01-04 11:45:28 INFO  TaskManager:23 - Added task item to allTaskItems: joe
2024-01-04 11:45:28 INFO  TaskManager:23 - Added task item to allTaskItems: Row
2024-01-04 11:45:28 INFO  TaskManager:23 - Added task item to allTaskItems: joe
2024-01-04 11:45:28 INFO  TaskManager:23 - Added task item to allTaskItems: Location
2024-01-05 08:00:12 INFO  TaskManager:23 - Added task item to allTaskItems: joe
2024-01-05 08:00:12 INFO  TaskManager:23 - Added task item to allTaskItems: Row
2024-01-05 08:00:12 INFO  TaskManager:23 - Added task item to allTaskItems: joe
2024-01-05 08:00:12 INFO  TaskManager:23 - Added task item to allTaskItems: Location
2024-01-05 08:00:12 INFO  TaskManager:47 - Created a new task item: TaskName
2024-01-05 08:00:12 INFO  TaskManager:23 - Added task item to allTaskItems: SampleTask
2024-01-05 08:04:55 INFO  TaskManager:23 - Added task item to allTaskItems: joe
2024-01-05 08:04:55 INFO  TaskManager:23 - Added task item to allTaskItems: Row
2024-01-05 08:04:55 INFO  TaskManager:23 - Added task item to allTaskItems: joe
2024-01-05 08:04:55 INFO  TaskManager:23 - Added task item to allTaskItems: Location
2024-01-05 08:04:55 INFO  TaskManager:47 - Created a new task item: TaskName
2024-01-05 08:04:55 INFO  TaskManager:23 - Added task item to allTaskItems: SampleTask
2024-01-09 18:00:54 INFO  TaskManager:23 - Added task item to allTaskItems: joe
2024-01-09 18:00:54 INFO  TaskManager:23 - Added task item to allTaskItems: Row
2024-01-09 18:00:54 INFO  TaskManager:23 - Added task item to allTaskItems: joe
2024-01-09 18:00:54 INFO  TaskManager:23 - Added task item to allTaskItems: Location
2024-01-09 18:00:54 INFO  TaskManager:47 - Created a new task item: TaskName
2024-01-09 18:00:54 INFO  TaskManager:23 - Added task item to allTaskItems: SampleTask
2024-01-09 18:03:17 INFO  TaskManager:23 - Added task item to allTaskItems: joe
2024-01-09 18:03:17 INFO  TaskManager:23 - Added task item to allTaskItems: Row
2024-01-09 18:03:17 INFO  TaskManager:23 - Added task item to allTaskItems: joe
2024-01-09 18:03:17 INFO  TaskManager:23 - Added task item to allTaskItems: Location
2024-01-09 18:03:17 INFO  TaskManager:23 - Added task item to allTaskItems: SampleTask
2024-01-09 18:03:39 INFO  TaskManager:23 - Added task item to allTaskItems: joe
2024-01-09 18:03:39 INFO  TaskManager:23 - Added task item to allTaskItems: Row
2024-01-09 18:03:39 INFO  TaskManager:23 - Added task item to allTaskItems: joe
2024-01-09 18:03:39 INFO  TaskManager:23 - Added task item to allTaskItems: Location
2024-01-09 18:03:39 INFO  TaskManager:47 - Created a new task item: TaskName
2024-01-09 18:04:38 INFO  TaskManager:23 - Added task item to allTaskItems: joe
2024-01-09 18:04:38 INFO  TaskManager:23 - Added task item to allTaskItems: Row
2024-01-09 18:04:38 INFO  TaskManager:23 - Added task item to allTaskItems: joe
2024-01-09 18:04:38 INFO  TaskManager:23 - Added task item to allTaskItems: Location
2024-01-09 18:04:38 INFO  TaskManager:47 - Created a new task item: TaskName
2024-01-09 18:04:38 INFO  TaskManager:23 - Added task item to allTaskItems: SampleTask
2024-01-09 18:20:06 INFO  TaskManager:23 - Added task item to allTaskItems: joe
2024-01-09 18:20:06 INFO  TaskManager:23 - Added task item to allTaskItems: Row
2024-01-09 18:20:06 INFO  TaskManager:23 - Added task item to allTaskItems: joe
2024-01-09 18:20:06 INFO  TaskManager:23 - Added task item to allTaskItems: Location
2024-01-09 18:20:06 INFO  TaskManager:47 - Created a new task item: TaskName
2024-01-09 18:20:06 INFO  TaskManager:23 - Added task item to allTaskItems: SampleTask
2024-01-09 18:20:49 INFO  TaskManager:23 - Added task item to allTaskItems: joe
2024-01-09 18:20:49 INFO  TaskManager:23 - Added task item to allTaskItems: Row
2024-01-09 18:20:49 INFO  TaskManager:23 - Added task item to allTaskItems: joe
2024-01-09 18:20:49 INFO  TaskManager:23 - Added task item to allTaskItems: Location
2024-01-09 18:20:49 INFO  TaskManager:47 - Created a new task item: TaskName
2024-01-09 18:20:49 INFO  TaskManager:23 - Added task item to allTaskItems: SampleTask
2024-01-09 18:23:02 INFO  TaskManager:23 - Added task item to allTaskItems: joe
2024-01-09 18:23:02 INFO  TaskManager:23 - Added task item to allTaskItems: Row
2024-01-09 18:23:02 INFO  TaskManager:23 - Added task item to allTaskItems: joe
2024-01-09 18:23:02 INFO  TaskManager:23 - Added task item to allTaskItems: Location
2024-01-09 18:23:02 INFO  TaskManager:47 - Created a new task item: TaskName
2024-01-09 18:23:02 INFO  TaskManager:23 - Added task item to allTaskItems: SampleTask
2024-01-09 18:52:42 INFO  TaskManager:23 - Added task item to allTaskItems: joe
2024-01-09 18:52:42 INFO  TaskManager:23 - Added task item to allTaskItems: Row
2024-01-09 18:52:42 INFO  TaskManager:23 - Added task item to allTaskItems: joe
2024-01-09 18:52:42 INFO  TaskManager:23 - Added task item to allTaskItems: Location
2024-01-09 18:52:42 INFO  TaskManager:47 - Created a new task item: TaskName
2024-01-09 18:52:42 INFO  TaskManager:23 - Added task item to allTaskItems: SampleTask
2024-01-09 18:59:52 INFO  TaskManager:23 - Added task item to allTaskItems: joe
2024-01-09 18:59:52 INFO  TaskManager:23 - Added task item to allTaskItems: Row
2024-01-09 18:59:52 INFO  TaskManager:23 - Added task item to allTaskItems: joe
2024-01-09 18:59:52 INFO  TaskManager:23 - Added task item to allTaskItems: Location
2024-01-09 18:59:52 INFO  TaskManager:47 - Created a new task item: TaskName
2024-01-09 18:59:52 INFO  TaskManager:23 - Added task item to allTaskItems: SampleTask
2024-01-09 19:02:25 INFO  TaskManager:23 - Added task item to allTaskItems: joe
2024-01-09 19:02:25 INFO  TaskManager:23 - Added task item to allTaskItems: Row
2024-01-09 19:02:25 INFO  TaskManager:23 - Added task item to allTaskItems: joe
2024-01-09 19:02:25 INFO  TaskManager:23 - Added task item to allTaskItems: Location
2024-01-09 19:02:25 INFO  TaskManager:47 - Created a new task item: TaskName
2024-01-09 19:02:25 INFO  TaskManager:23 - Added task item to allTaskItems: SampleTask
2024-01-09 19:02:37 INFO  TaskManager:23 - Added task item to allTaskItems: joe
2024-01-09 19:02:37 INFO  TaskManager:23 - Added task item to allTaskItems: Row
2024-01-09 19:02:37 INFO  TaskManager:23 - Added task item to allTaskItems: joe
2024-01-09 19:02:37 INFO  TaskManager:23 - Added task item to allTaskItems: Location
2024-01-09 19:02:37 INFO  TaskManager:47 - Created a new task item: TaskName
2024-01-09 19:02:37 INFO  TaskManager:23 - Added task item to allTaskItems: SampleTask
2024-01-09 19:06:19 INFO  TaskManager:23 - Added task item to allTaskItems: joe
2024-01-09 19:06:19 INFO  TaskManager:23 - Added task item to allTaskItems: Row
2024-01-09 19:06:19 INFO  TaskManager:23 - Added task item to allTaskItems: joe
2024-01-09 19:06:19 INFO  TaskManager:23 - Added task item to allTaskItems: Location
2024-01-09 19:06:19 INFO  TaskManager:47 - Created a new task item: TaskName
2024-01-09 19:06:19 INFO  TaskManager:23 - Added task item to allTaskItems: SampleTask
2024-01-09 19:07:26 INFO  TaskManager:23 - Added task item to allTaskItems: joe
2024-01-09 19:07:26 INFO  TaskManager:23 - Added task item to allTaskItems: Row
2024-01-09 19:07:26 INFO  TaskManager:23 - Added task item to allTaskItems: joe
2024-01-09 19:07:26 INFO  TaskManager:23 - Added task item to allTaskItems: Location
2024-01-09 19:07:26 INFO  TaskManager:47 - Created a new task item: TaskName
2024-01-09 19:07:26 INFO  TaskManager:23 - Added task item to allTaskItems: SampleTask
2024-01-09 19:12:13 INFO  TaskManager:23 - Added task item to allTaskItems: joe
2024-01-09 19:12:13 INFO  TaskManager:23 - Added task item to allTaskItems: Row
2024-01-09 19:12:13 INFO  TaskManager:23 - Added task item to allTaskItems: joe
2024-01-09 19:12:13 INFO  TaskManager:23 - Added task item to allTaskItems: Location
2024-01-09 19:12:13 INFO  TaskManager:47 - Created a new task item: TaskName
2024-01-09 19:12:13 INFO  TaskManager:23 - Added task item to allTaskItems: SampleTask
2024-01-09 19:12:38 INFO  TaskManager:23 - Added task item to allTaskItems: joe
2024-01-09 19:12:38 INFO  TaskManager:23 - Added task item to allTaskItems: Row
2024-01-09 19:12:38 INFO  TaskManager:23 - Added task item to allTaskItems: joe
2024-01-09 19:12:38 INFO  TaskManager:23 - Added task item to allTaskItems: Location
2024-01-09 19:12:38 INFO  TaskManager:47 - Created a new task item: TaskName
2024-01-09 19:12:38 INFO  TaskManager:23 - Added task item to allTaskItems: SampleTask
2024-01-09 19:13:18 INFO  TaskManager:23 - Added task item to allTaskItems: joe
2024-01-09 19:13:18 INFO  TaskManager:23 - Added task item to allTaskItems: Row
2024-01-09 19:13:18 INFO  TaskManager:23 - Added task item to allTaskItems: joe
2024-01-09 19:13:18 INFO  TaskManager:23 - Added task item to allTaskItems: Location
2024-01-09 19:13:18 INFO  TaskManager:47 - Created a new task item: TaskName
2024-01-09 19:13:18 INFO  TaskManager:23 - Added task item to allTaskItems: SampleTask
